<?xml version="1.0" encoding="UTF-8"?>
<testng-results skipped="0" failed="0" ignored="0" total="1" passed="1">
  <reporter-output>
  </reporter-output>
  <suite name="Command line suite" duration-ms="19189" started-at="2018-07-16T00:56:48Z" finished-at="2018-07-16T00:57:07Z">
    <groups>
    </groups>
    <test name="Command line test" duration-ms="19189" started-at="2018-07-16T00:56:48Z" finished-at="2018-07-16T00:57:07Z">
      <class name="com.flaconi.tests.BuyParfumTest">
        <test-method status="PASS" signature="setUp()[pri:0, instance:com.flaconi.tests.BuyParfumTest@42d3bd8b]" name="setUp" is-config="true" duration-ms="4004" started-at="2018-07-16T00:56:48Z" finished-at="2018-07-16T00:56:52Z">
          <reporter-output>
          </reporter-output>
        </test-method> <!-- setUp -->
        <test-method status="PASS" signature="buyParfumTest()[pri:0, instance:com.flaconi.tests.BuyParfumTest@42d3bd8b]" name="buyParfumTest" duration-ms="14209" started-at="2018-07-16T00:56:52Z" finished-at="2018-07-16T00:57:06Z">
          <reporter-output>
          </reporter-output>
        </test-method> <!-- buyParfumTest -->
        <test-method status="PASS" signature="tearDown()[pri:0, instance:com.flaconi.tests.BuyParfumTest@42d3bd8b]" name="tearDown" is-config="true" duration-ms="951" started-at="2018-07-16T00:57:06Z" finished-at="2018-07-16T00:57:07Z">
          <reporter-output>
          </reporter-output>
        </test-method> <!-- tearDown -->
      </class> <!-- com.flaconi.tests.BuyParfumTest -->
    </test> <!-- Command line test -->
  </suite> <!-- Command line suite -->
</testng-results>
